<?xml version="1.0" encoding="UTF-8"?>
<!-- Generated by org.testng.reporters.JUnitReportReporter -->
<testsuite hostname="LAPTOP-30FJ9GPS" failures="0" tests="1" name="com.Tutorial.testcases.ApiTest" time="5.606" errors="0" timestamp="30 May 2022 14:48:09 GMT">
  <testcase classname="com.Tutorial.testcases.ApiTest" name="getRandomID" time="5.606"/>
</testsuite> <!-- com.Tutorial.testcases.ApiTest -->
